750
1
2 0
3
4
5
7
8 6
9
11
12 10
13
14
16
17
18 15
19
21
22
23
24
25
26 20
28
29
30 27
32 31
33
34
35
37 36
38
39
41
42
43
44 40
45
47 46
48
50
51 49
53 52
55 54
56
58 57
60
62
63
64 59
65 61
67 66
69 68
70
72 71
73
74
75
77
78
79 76
81
82 80
83
86 84
87
88 85
89
90
92
93 91
95 94
97 96
98
100
101 99
103
104 102
106
107
108 105
109
110
111
112
113
115 114
117 116
119 118
120
121
122
124 123
125
127
128 126
130 129
132
133 131
135
136
137 134
139
140
141
142
143 138
145
146 144
148
149
150 147
152 151
154
156 153
157 155
159
160 158
162 161
164
165 163
166
167
169 168
170
172 171
174
175 173
176
177
178
179
181
182 180
184
185 183
186
187
189
190 188
192
193
194
195 191
196
197
199 198
201
202
203
204 200
205
207 206
208
209
210
211
212
213
215 214
216
217
219
220
221 218
222
225
226 223
227 224
228
229
230
232
233
234 231
235
237 236
239
240
241
242 238
245
246 243
247
248 244
250 249
251
253 252
254
255
257 256
258
260
261
263 259
264 262
265
267
268
269 266
272
273 270
274
275
276
277
278
279
280 271
281
282
283
284
286
287
288 285
290 289
292
293
294
295 291
296
298
299
300
301
302
303
304 297
305
308
309
310 306
311
312
313
314
315
316
317
318 307
319
320
322 321
323
325
326
327 324
328
329
331 330
332
333
334
336 335
338 337
340
341 339
342
344 343
346
347
348
349
351
352
353 345
354
355 350
356
357
358
360
361
362
363 359
364
366 365
367
369
370
371 368
374
375 372
376 373
377
378
379
380
381
383 382
386 384
387
388 385
389
391
392 390
393
395 394
396
397
399 398
400
402 401
404
405 403
406
408 407
410 409
411
412
415 413
416
417 414
419 418
420
421
423
425
426 422
427 424
429
430
431
432 428
433
435
436
437 434
439
440
441
442
443 438
445 444
446
448
449 447
450
451
453
454 452
456
457
459 455
460
461 458
462
463
465 464
467
468
471 466
472
473
474 469
475 470
477
478 476
479
480
482 481
483
485
486
487 484
488
489
491
492 490
493
495 494
497
498 496
499
500
502
503 501
504
505
506
507
508
509
511 510
513 512
514
515
516
518 517
519
520
522 521
524 523
526
528 525
529 527
530
531
532
533
535 534
536
538
539
540
541
542 537
544 543
546
547 545
549
550
551
552 548
554
555
556
557
558 553
559
560
561
563 562
565
566 564
567
569
570
571 568
573 572
574
575
576
578 577
580 579
582 581
584
585 583
587 586
588
590 589
591
592
593
594
596
597
598 595
600 599
602
603 601
604
605
606
608 607
610
611
612 609
613
614
616
618 615
619 617
621
622 620
623
625 624
626
627
629
631 628
632 630
634 633
636 635
638
639
640
641
642
643 637
644
645
646
647
648
649
650
652
653 651
654
655
656
658
660 657
661 659
663
665 662
666 664
667
669
670 668
671
672
674 673
676 675
677
678
679
680
682
683 681
685 684
687
688
689 686
690
691
692
693
694
696 695
699 697
701 698
702
704
705 703
706
707
708
709 700
711 710
712
713
715 714
717 716
718
719
721 720
722
723
724
725
727
728
729
730
731 726
732
733
734
736
737 735
738
739
741
742
743
744 740
745
746
747
748
750 749
753 751
754
755
756
757
758 752
760 759
761
763 762
764
766
767
768
769 765
771
772
773 770
775
776
777
778
779
780
781 774
783 782
784
785
786
787
789 788
790
791
792
794 793
796 795
798 797
799
801 800
802
803
804
806 805
807
809
810 808
811
812
814 813
815
817 816
819
820
821
822
823
824 818
826
827
828 825
829
830
831
833 832
835 834
836
839
840 837
841 838
842
843
844
845
848
849
850
851
852
853 846
854
855
856 847
858 857
859
860
863
864
865
866 861
867
868 862
869
870
872 871
874
875
876 873
877
878
880
881 879
883 882
885 884
886
887
888
889
890
892 891
893
895
896
897 894
899
900
902 898
903 901
905
906
907
908
909 904
912 910
913
914
915 911
917
918 916
921
922
923
924
925
926
927 919
928 920
930 929
931
933
934 932
935
936
938
939
940 937
942
943 941
944
946 945
948
950
951
952 947
953 949
954
955
957 956
959
960 958
962
963
964
965 961
966
968 967
969
970
971
972
974 973
975
976
978
979 977
981 980
983
985 982
986
987
988 984
989
991 990
992
994
995 993
997
998
999 996
